0 info it worked if it ends with ok
1 verbose cli [ '/opt/nodejs/node-v6.9.2-linux-x64/bin/node',
1 verbose cli   '/opt/nodejs/current/bin/npm',
1 verbose cli   'unpublish',
1 verbose cli   '--force' ]
2 info using npm@3.10.9
3 info using node@v6.9.2
4 warn using --force I sure hope you know what you are doing.
5 silly unpublish args[0] undefined
6 silly unpublish thing {}
7 verbose unpublish { name: 'angular-matrix',
7 verbose unpublish   version: '0.1.0',
7 verbose unpublish   description: 'Angular JS directives to draw text as matrix effect',
7 verbose unpublish   main: 'index.js',
7 verbose unpublish   repository:
7 verbose unpublish    { type: 'git',
7 verbose unpublish      url: 'git+https://github.com/gtrrzvictor/angular-matrix.git' },
7 verbose unpublish   author:
7 verbose unpublish    { name: 'Victor Gutierrez',
7 verbose unpublish      email: 'victor.gutierrez@amplia.es' },
7 verbose unpublish   license: 'MIT',
7 verbose unpublish   dependencies: {},
7 verbose unpublish   devDependencies: { angular: '^1.6.5', 'http-server': '^0.10.0' },
7 verbose unpublish   scripts: { sample: './node_modules/http-server/bin/http-server . -c-1' },
7 verbose unpublish   readme: '# angular-matrix\nAngular JS directives to draw text as matrix effect\n\n\tbe inspired by http://thecodeplayer.com/walkthrough/matrix-rain-animation-html5-canvas-javascript\n',
7 verbose unpublish   readmeFilename: 'README.md',
7 verbose unpublish   gitHead: 'e3c594d4cf6db8c485a710436ea58d26d8eac0ee',
7 verbose unpublish   bugs: { url: 'https://github.com/gtrrzvictor/angular-matrix/issues' },
7 verbose unpublish   homepage: 'https://github.com/gtrrzvictor/angular-matrix#readme',
7 verbose unpublish   _id: 'angular-matrix@0.1.0' }
8 verbose getPublishConfig undefined
9 silly ls normalized angular-matrix/0.1.0
10 silly gentlyRm /home/victor/.npm/angular-matrix/0.1.0 is being purged
11 verbose gentlyRm don't care about contents; nuking /home/victor/.npm/angular-matrix/0.1.0
12 silly vacuum-fs purging /home/victor/.npm/angular-matrix/0.1.0
13 silly vacuum-fs removing /home/victor/.npm/angular-matrix
14 silly vacuum-fs quitting because other entries in /home/victor/.npm
15 silly mapToRegistry name angular-matrix
16 silly mapToRegistry using default registry
17 silly mapToRegistry registry https://registry.npmjs.org/
18 silly mapToRegistry data Result {
18 silly mapToRegistry   raw: 'angular-matrix',
18 silly mapToRegistry   scope: null,
18 silly mapToRegistry   escapedName: 'angular-matrix',
18 silly mapToRegistry   name: 'angular-matrix',
18 silly mapToRegistry   rawSpec: '',
18 silly mapToRegistry   spec: 'latest',
18 silly mapToRegistry   type: 'tag' }
19 silly mapToRegistry uri https://registry.npmjs.org/angular-matrix
20 verbose get GET as part of write; not caching result
21 verbose request uri https://registry.npmjs.org/angular-matrix?write=true
22 verbose request no auth needed
23 info attempt registry request try #1 at 1:14:37 PM
24 verbose request using bearer token for auth
25 verbose request id 06baef369679c855
26 http request GET https://registry.npmjs.org/angular-matrix?write=true
27 http 200 https://registry.npmjs.org/angular-matrix?write=true
28 verbose headers { server: 'CouchDB/1.5.0 (Erlang OTP/R16B03)',
28 verbose headers   'content-type': 'application/json',
28 verbose headers   etag: '"595cc9ba-88d"',
28 verbose headers   'content-encoding': 'gzip',
28 verbose headers   'cache-control': 'max-age=0',
28 verbose headers   'transfer-encoding': 'chunked',
28 verbose headers   'accept-ranges': 'bytes',
28 verbose headers   date: 'Wed, 05 Jul 2017 11:14:38 GMT',
28 verbose headers   via: '1.1 varnish',
28 verbose headers   connection: 'keep-alive',
28 verbose headers   'x-served-by': 'cache-mad9435-MAD',
28 verbose headers   'x-cache': 'MISS',
28 verbose headers   'x-cache-hits': '0',
28 verbose headers   'x-timer': 'S1499253278.570718,VS0,VE449',
28 verbose headers   vary: 'Accept-Encoding' }
29 silly get cb [ 200,
29 silly get   { server: 'CouchDB/1.5.0 (Erlang OTP/R16B03)',
29 silly get     'content-type': 'application/json',
29 silly get     etag: '"595cc9ba-88d"',
29 silly get     'content-encoding': 'gzip',
29 silly get     'cache-control': 'max-age=0',
29 silly get     'transfer-encoding': 'chunked',
29 silly get     'accept-ranges': 'bytes',
29 silly get     date: 'Wed, 05 Jul 2017 11:14:38 GMT',
29 silly get     via: '1.1 varnish',
29 silly get     connection: 'keep-alive',
29 silly get     'x-served-by': 'cache-mad9435-MAD',
29 silly get     'x-cache': 'MISS',
29 silly get     'x-cache-hits': '0',
29 silly get     'x-timer': 'S1499253278.570718,VS0,VE449',
29 silly get     vary: 'Accept-Encoding' } ]
30 verbose get saving angular-matrix to /home/victor/.npm/registry.npmjs.org/angular-matrix_3Fwrite_3Dtrue/.cache.json
31 verbose correctMkdir /home/victor/.npm correctMkdir not in flight; initializing
32 verbose unpublish removing attachments { shasum: '0a3e50feda6b31b92370f02db653eb6bf4916336',
32 verbose unpublish   tarball: 'https://registry.npmjs.org/angular-matrix/-/angular-matrix-0.1.0.tgz' }
33 info unpublish No versions remain, removing entire package
34 verbose request uri https://registry.npmjs.org/angular-matrix/-rev/1-387639ed736b284f20ef8add35f80725
35 verbose request sending authorization for write operation
36 info attempt registry request try #1 at 1:14:38 PM
37 verbose request using bearer token for auth
38 http request DELETE https://registry.npmjs.org/angular-matrix/-rev/1-387639ed736b284f20ef8add35f80725
39 http 503 https://registry.npmjs.org/angular-matrix/-rev/1-387639ed736b284f20ef8add35f80725
40 verbose bad json <?xml version="1.0" encoding="utf-8"?>
40 verbose bad json <!DOCTYPE html PUBLIC "-//W3C//DTD XHTML 1.0 Strict//EN"
40 verbose bad json  "http://www.w3.org/TR/xhtml1/DTD/xhtml1-strict.dtd">
40 verbose bad json <html>
40 verbose bad json   <head>
40 verbose bad json     <title>503 first byte timeout</title>
40 verbose bad json   </head>
40 verbose bad json   <body>
40 verbose bad json     <h1>Error 503 first byte timeout</h1>
40 verbose bad json     <p>first byte timeout</p>
40 verbose bad json     <h3>Guru Mediation:</h3>
40 verbose bad json     <p>Details: cache-mad9435-MAD 1499253310 2720516404</p>
40 verbose bad json     <hr>
40 verbose bad json     <p>Varnish cache server</p>
40 verbose bad json   </body>
40 verbose bad json </html>
41 error registry error parsing json
42 verbose headers { server: 'Varnish',
42 verbose headers   'retry-after': '0',
42 verbose headers   'content-type': 'text/html; charset=utf-8',
42 verbose headers   'content-length': '448',
42 verbose headers   'accept-ranges': 'bytes',
42 verbose headers   date: 'Wed, 05 Jul 2017 11:15:10 GMT',
42 verbose headers   via: '1.1 varnish',
42 verbose headers   connection: 'close',
42 verbose headers   'x-served-by': 'cache-mad9435-MAD',
42 verbose headers   'x-cache': 'MISS',
42 verbose headers   'x-cache-hits': '0',
42 verbose headers   'x-timer': 'S1499253278.044037,VS0,VE32107' }
43 info retry will retry, error on last attempt: SyntaxError: Unexpected token < in JSON at position 1
43 info retry
43 info retry <?xml version="1.0" encoding="utf-8"?>
43 info retry <!DOCTYPE html PUBLIC "-//W3C//DTD XHTML 1.0 Strict//EN"
43 info retry  "http://www.w3.org/TR/xhtml1/DTD/xhtml1-strict.dtd">
43 info retry <html>
43 info retry   <head>
43 info retry     <title>503 first byte timeout</title>
43 info retry   </head>
43 info retry   <body>
43 info retry     <h1>Error 503 first byte timeout</h1>
43 info retry     <p>first byte timeout</p>
43 info retry     <h3>Guru Mediation:</h3>
43 info retry     <p>Details: cache-mad9435-MAD 1499253310 2720516404</p>
43 info retry     <hr>
43 info retry     <p>Varnish cache server</p>
43 info retry   </body>
43 info retry </html>
44 info attempt registry request try #2 at 1:15:20 PM
45 verbose request using bearer token for auth
46 http request DELETE https://registry.npmjs.org/angular-matrix/-rev/1-387639ed736b284f20ef8add35f80725
47 http 403 https://registry.npmjs.org/angular-matrix/-rev/1-387639ed736b284f20ef8add35f80725
48 verbose headers { 'content-type': 'application/json',
48 verbose headers   'cache-control': 'max-age=300',
48 verbose headers   'content-length': '108',
48 verbose headers   'accept-ranges': 'bytes',
48 verbose headers   date: 'Wed, 05 Jul 2017 11:15:20 GMT',
48 verbose headers   via: '1.1 varnish',
48 verbose headers   connection: 'keep-alive',
48 verbose headers   'x-served-by': 'cache-mad9421-MAD',
48 verbose headers   'x-cache': 'MISS',
48 verbose headers   'x-cache-hits': '0',
48 verbose headers   'x-timer': 'S1499253320.174515,VS0,VE804',
48 verbose headers   vary: 'Accept-Encoding' }
49 verbose request invalidating /home/victor/.npm/registry.npmjs.org/angular-matrix on DELETE
50 verbose stack Error: you do not have permission to publish "angular-matrix". Are you logged in as the correct user? : angular-matrix
50 verbose stack     at makeError (/opt/nodejs/node-v6.9.2-linux-x64/lib/node_modules/npm/node_modules/npm-registry-client/lib/request.js:302:12)
50 verbose stack     at CachingRegistryClient.<anonymous> (/opt/nodejs/node-v6.9.2-linux-x64/lib/node_modules/npm/node_modules/npm-registry-client/lib/request.js:290:14)
50 verbose stack     at Request._callback (/opt/nodejs/node-v6.9.2-linux-x64/lib/node_modules/npm/node_modules/npm-registry-client/lib/request.js:210:14)
50 verbose stack     at Request.self.callback (/opt/nodejs/node-v6.9.2-linux-x64/lib/node_modules/npm/node_modules/request/request.js:187:22)
50 verbose stack     at emitTwo (events.js:106:13)
50 verbose stack     at Request.emit (events.js:191:7)
50 verbose stack     at Request.<anonymous> (/opt/nodejs/node-v6.9.2-linux-x64/lib/node_modules/npm/node_modules/request/request.js:1048:10)
50 verbose stack     at emitOne (events.js:96:13)
50 verbose stack     at Request.emit (events.js:188:7)
50 verbose stack     at IncomingMessage.<anonymous> (/opt/nodejs/node-v6.9.2-linux-x64/lib/node_modules/npm/node_modules/request/request.js:969:12)
51 verbose statusCode 403
52 verbose pkgid angular-matrix
53 verbose cwd /home/victor/ouw-wkf/angular-matrix
54 error Linux 4.4.0-83-generic
55 error argv "/opt/nodejs/node-v6.9.2-linux-x64/bin/node" "/opt/nodejs/current/bin/npm" "unpublish" "--force"
56 error node v6.9.2
57 error npm  v3.10.9
58 error code E403
59 error you do not have permission to publish "angular-matrix". Are you logged in as the correct user? : angular-matrix
60 error If you need help, you may report this error at:
60 error     <https://github.com/npm/npm/issues>
61 verbose exit [ 1, true ]
